<?xml version="1.0" encoding="UTF-8"?>
<!-- Generated by org.testng.reporters.JUnitReportReporter -->
<testsuite hostname="BISWAJIT2000" failures="0" tests="2" name="devopsBiswajita.devops" time="21.630" errors="0" timestamp="2023-04-11T19:11:31 IST" skipped="0">
  <testcase classname="devopsBiswajita.devops" name="test1" time="8.873"/>
  <system-out/>
  <testcase classname="devopsBiswajita.devops" name="test1" time="12.757"/>
  <system-out/>
</testsuite> <!-- devopsBiswajita.devops -->
